android/app/build/intermediates/manifest_merge_blame_file/debug/processDebugMainManifest/manifest-merger-blame-debug-report.txt
1<?xml version="1.0" encoding="utf-8"?>
2<manifest xmlns:android="http://schemas.android.com/apk/res/android"
3    package="com.example.ret"
4    android:versionCode="1"
5    android:versionName="1.0" >
6
7    <uses-sdk
8        android:minSdkVersion="24"
9        android:targetSdkVersion="33" />
10    <!--
11         The INTERNET permission is required for development. Specifically,
12         the Flutter tool needs it to communicate with the running application
13         to allow setting breakpoints, to provide hot reload, etc.
14    -->
15    <uses-permission android:name="android.permission.INTERNET" />
15-->src\main\AndroidManifest.xml:6:5-67
15-->src\main\AndroidManifest.xml:6:22-64
16    <!-- Permissions -->
17    <uses-permission android:name="android.permission.RECORD_AUDIO" />
17-->src\main\AndroidManifest.xml:5:5-71
17-->src\main\AndroidManifest.xml:5:22-68
18    <uses-permission android:name="android.permission.FOREGROUND_SERVICE" />
18-->src\main\AndroidManifest.xml:7:5-77
18-->src\main\AndroidManifest.xml:7:22-74
19    <uses-permission android:name="android.permission.BLUETOOTH" />
19-->src\main\AndroidManifest.xml:8:5-68
19-->src\main\AndroidManifest.xml:8:22-65
20    <uses-permission android:name="android.permission.BLUETOOTH_CONNECT" /> <!-- Allow querying text processing apps -->
20-->src\main\AndroidManifest.xml:9:5-76
20-->src\main\AndroidManifest.xml:9:22-73
21    <queries>
21-->src\main\AndroidManifest.xml:44:5-49:15
22        <intent>
22-->src\main\AndroidManifest.xml:45:9-48:18
23            <action android:name="android.intent.action.PROCESS_TEXT" />
23-->src\main\AndroidManifest.xml:46:13-73
23-->src\main\AndroidManifest.xml:46:21-70
24
25            <data android:mimeType="text/plain" />
25-->src\main\AndroidManifest.xml:47:13-51
25-->src\main\AndroidManifest.xml:47:19-48
26        </intent>
27        <intent>
27-->[androidx.media:media:1.4.1] AndroidManifest.xml:25:9-27:18
28            <action android:name="android.media.browse.MediaBrowserService" />
28-->[androidx.media:media:1.4.1] AndroidManifest.xml:26:13-79
28-->[androidx.media:media:1.4.1] AndroidManifest.xml:26:21-76
29        </intent>
30    </queries>
31
32    <uses-permission android:name="android.permission.ACCESS_NETWORK_STATE" />
32-->[com.google.firebase:firebase-auth:23.2.0] AndroidManifest.xml:26:5-79
32-->[com.google.firebase:firebase-auth:23.2.0] AndroidManifest.xml:26:22-76
33    <uses-permission android:name="android.permission.WAKE_LOCK" />
33-->[com.github.canardoux:flutter_sound_core:9.28.0] AndroidManifest.xml:8:5-68
33-->[com.github.canardoux:flutter_sound_core:9.28.0] AndroidManifest.xml:8:22-65
34    <uses-permission android:name="android.permission.MODIFY_AUDIO_SETTINGS" />
34-->[com.github.canardoux:flutter_sound_core:9.28.0] AndroidManifest.xml:9:5-80
34-->[com.github.canardoux:flutter_sound_core:9.28.0] AndroidManifest.xml:9:22-77
35    <uses-permission android:name="Manifest.permission.CAPTURE_AUDIO_OUTPUT" />
35-->[com.github.canardoux:flutter_sound_core:9.28.0] AndroidManifest.xml:11:5-80
35-->[com.github.canardoux:flutter_sound_core:9.28.0] AndroidManifest.xml:11:22-77
36    <uses-permission android:name="com.google.android.providers.gsf.permission.READ_GSERVICES" />
36-->[com.google.android.recaptcha:recaptcha:18.6.1] AndroidManifest.xml:9:5-98
36-->[com.google.android.recaptcha:recaptcha:18.6.1] AndroidManifest.xml:9:22-95
37
38    <permission
38-->[androidx.core:core:1.13.1] AndroidManifest.xml:22:5-24:47
39        android:name="com.example.ret.DYNAMIC_RECEIVER_NOT_EXPORTED_PERMISSION"
39-->[androidx.core:core:1.13.1] AndroidManifest.xml:23:9-81
40        android:protectionLevel="signature" />
40-->[androidx.core:core:1.13.1] AndroidManifest.xml:24:9-44
41
42    <uses-permission android:name="com.example.ret.DYNAMIC_RECEIVER_NOT_EXPORTED_PERMISSION" />
42-->[androidx.core:core:1.13.1] AndroidManifest.xml:26:5-97
42-->[androidx.core:core:1.13.1] AndroidManifest.xml:26:22-94
43
44    <application
45        android:name="android.app.Application"
46        android:appComponentFactory="androidx.core.app.CoreComponentFactory"
46-->[androidx.core:core:1.13.1] AndroidManifest.xml:28:18-86
47        android:debuggable="true"
48        android:extractNativeLibs="false"
49        android:icon="@mipmap/ic_launcher"
50        android:label="ret" >
51        <activity
52            android:name="com.example.ret.MainActivity"
53            android:configChanges="orientation|keyboardHidden|keyboard|screenSize|smallestScreenSize|locale|layoutDirection|fontScale|screenLayout|density|uiMode"
54            android:exported="true"
55            android:hardwareAccelerated="true"
56            android:launchMode="singleTop"
57            android:taskAffinity=""
58            android:theme="@style/LaunchTheme"
59            android:windowSoftInputMode="adjustResize" >
60
61            <!-- Visible theme while Flutter initializes -->
62            <meta-data
63                android:name="io.flutter.embedding.android.NormalTheme"
64                android:resource="@style/NormalTheme" />
65
66            <intent-filter>
67                <action android:name="android.intent.action.MAIN" />
68
69                <category android:name="android.intent.category.LAUNCHER" />
70            </intent-filter>
71        </activity>
72
73        <!-- Flutter plugin registration -->
74        <meta-data
75            android:name="flutterEmbedding"
76            android:value="2" />
77
78        <service
78-->[:firebase_auth] AndroidManifest.xml:8:9-12:19
79            android:name="com.google.firebase.components.ComponentDiscoveryService"
79-->[:firebase_auth] AndroidManifest.xml:8:18-89
80            android:directBootAware="true"
80-->[com.google.firebase:firebase-common:21.0.0] AndroidManifest.xml:32:13-43
81            android:exported="false" >
81-->[com.google.firebase:firebase-auth:23.2.0] AndroidManifest.xml:68:13-37
82            <meta-data
82-->[:firebase_auth] AndroidManifest.xml:9:13-11:85
83                android:name="com.google.firebase.components:io.flutter.plugins.firebase.auth.FlutterFirebaseAuthRegistrar"
83-->[:firebase_auth] AndroidManifest.xml:10:17-124
84                android:value="com.google.firebase.components.ComponentRegistrar" />
84-->[:firebase_auth] AndroidManifest.xml:11:17-82
85            <meta-data
85-->[:cloud_firestore] AndroidManifest.xml:9:13-11:85
86                android:name="com.google.firebase.components:io.flutter.plugins.firebase.firestore.FlutterFirebaseFirestoreRegistrar"
86-->[:cloud_firestore] AndroidManifest.xml:10:17-134
87                android:value="com.google.firebase.components.ComponentRegistrar" />
87-->[:cloud_firestore] AndroidManifest.xml:11:17-82
88            <meta-data
88-->[:firebase_core] AndroidManifest.xml:9:13-11:85
89                android:name="com.google.firebase.components:io.flutter.plugins.firebase.core.FlutterFirebaseCoreRegistrar"
89-->[:firebase_core] AndroidManifest.xml:10:17-124
90                android:value="com.google.firebase.components.ComponentRegistrar" />
90-->[:firebase_core] AndroidManifest.xml:11:17-82
91            <meta-data
91-->[com.google.firebase:firebase-auth:23.2.0] AndroidManifest.xml:69:13-71:85
92                android:name="com.google.firebase.components:com.google.firebase.auth.FirebaseAuthRegistrar"
92-->[com.google.firebase:firebase-auth:23.2.0] AndroidManifest.xml:70:17-109
93                android:value="com.google.firebase.components.ComponentRegistrar" />
93-->[com.google.firebase:firebase-auth:23.2.0] AndroidManifest.xml:71:17-82
94            <meta-data
94-->[com.google.firebase:firebase-firestore:25.1.3] AndroidManifest.xml:17:13-19:85
95                android:name="com.google.firebase.components:com.google.firebase.firestore.FirebaseFirestoreKtxRegistrar"
95-->[com.google.firebase:firebase-firestore:25.1.3] AndroidManifest.xml:18:17-122
96                android:value="com.google.firebase.components.ComponentRegistrar" />
96-->[com.google.firebase:firebase-firestore:25.1.3] AndroidManifest.xml:19:17-82
97            <meta-data
97-->[com.google.firebase:firebase-firestore:25.1.3] AndroidManifest.xml:20:13-22:85
98                android:name="com.google.firebase.components:com.google.firebase.firestore.FirestoreRegistrar"
98-->[com.google.firebase:firebase-firestore:25.1.3] AndroidManifest.xml:21:17-111
99                android:value="com.google.firebase.components.ComponentRegistrar" />
99-->[com.google.firebase:firebase-firestore:25.1.3] AndroidManifest.xml:22:17-82
100            <meta-data
100-->[com.google.firebase:firebase-common-ktx:21.0.0] AndroidManifest.xml:12:13-14:85
101                android:name="com.google.firebase.components:com.google.firebase.ktx.FirebaseCommonLegacyRegistrar"
101-->[com.google.firebase:firebase-common-ktx:21.0.0] AndroidManifest.xml:13:17-116
102                android:value="com.google.firebase.components.ComponentRegistrar" />
102-->[com.google.firebase:firebase-common-ktx:21.0.0] AndroidManifest.xml:14:17-82
103            <meta-data
103-->[com.google.firebase:firebase-common:21.0.0] AndroidManifest.xml:35:13-37:85
104                android:name="com.google.firebase.components:com.google.firebase.FirebaseCommonKtxRegistrar"
104-->[com.google.firebase:firebase-common:21.0.0] AndroidManifest.xml:36:17-109
105                android:value="com.google.firebase.components.ComponentRegistrar" />
105-->[com.google.firebase:firebase-common:21.0.0] AndroidManifest.xml:37:17-82
106        </service>
107
108        <activity
108-->[com.google.firebase:firebase-auth:23.2.0] AndroidManifest.xml:29:9-46:20
109            android:name="com.google.firebase.auth.internal.GenericIdpActivity"
109-->[com.google.firebase:firebase-auth:23.2.0] AndroidManifest.xml:30:13-80
110            android:excludeFromRecents="true"
110-->[com.google.firebase:firebase-auth:23.2.0] AndroidManifest.xml:31:13-46
111            android:exported="true"
111-->[com.google.firebase:firebase-auth:23.2.0] AndroidManifest.xml:32:13-36
112            android:launchMode="singleTask"
112-->[com.google.firebase:firebase-auth:23.2.0] AndroidManifest.xml:33:13-44
113            android:theme="@android:style/Theme.Translucent.NoTitleBar" >
113-->[com.google.firebase:firebase-auth:23.2.0] AndroidManifest.xml:34:13-72
114            <intent-filter>
114-->[com.google.firebase:firebase-auth:23.2.0] AndroidManifest.xml:35:13-45:29
115                <action android:name="android.intent.action.VIEW" />
115-->[com.google.firebase:firebase-auth:23.2.0] AndroidManifest.xml:36:17-69
115-->[com.google.firebase:firebase-auth:23.2.0] AndroidManifest.xml:36:25-66
116
117                <category android:name="android.intent.category.DEFAULT" />
117-->[com.google.firebase:firebase-auth:23.2.0] AndroidManifest.xml:38:17-76
117-->[com.google.firebase:firebase-auth:23.2.0] AndroidManifest.xml:38:27-73
118                <category android:name="android.intent.category.BROWSABLE" />
118-->[com.google.firebase:firebase-auth:23.2.0] AndroidManifest.xml:39:17-78
118-->[com.google.firebase:firebase-auth:23.2.0] AndroidManifest.xml:39:27-75
119
120                <data
120-->src\main\AndroidManifest.xml:47:13-51
121                    android:host="firebase.auth"
122                    android:path="/"
123                    android:scheme="genericidp" />
124            </intent-filter>
125        </activity>
126        <activity
126-->[com.google.firebase:firebase-auth:23.2.0] AndroidManifest.xml:47:9-64:20
127            android:name="com.google.firebase.auth.internal.RecaptchaActivity"
127-->[com.google.firebase:firebase-auth:23.2.0] AndroidManifest.xml:48:13-79
128            android:excludeFromRecents="true"
128-->[com.google.firebase:firebase-auth:23.2.0] AndroidManifest.xml:49:13-46
129            android:exported="true"
129-->[com.google.firebase:firebase-auth:23.2.0] AndroidManifest.xml:50:13-36
130            android:launchMode="singleTask"
130-->[com.google.firebase:firebase-auth:23.2.0] AndroidManifest.xml:51:13-44
131            android:theme="@android:style/Theme.Translucent.NoTitleBar" >
131-->[com.google.firebase:firebase-auth:23.2.0] AndroidManifest.xml:52:13-72
132            <intent-filter>
132-->[com.google.firebase:firebase-auth:23.2.0] AndroidManifest.xml:53:13-63:29
133                <action android:name="android.intent.action.VIEW" />
133-->[com.google.firebase:firebase-auth:23.2.0] AndroidManifest.xml:36:17-69
133-->[com.google.firebase:firebase-auth:23.2.0] AndroidManifest.xml:36:25-66
134
135                <category android:name="android.intent.category.DEFAULT" />
135-->[com.google.firebase:firebase-auth:23.2.0] AndroidManifest.xml:38:17-76
135-->[com.google.firebase:firebase-auth:23.2.0] AndroidManifest.xml:38:27-73
136                <category android:name="android.intent.category.BROWSABLE" />
136-->[com.google.firebase:firebase-auth:23.2.0] AndroidManifest.xml:39:17-78
136-->[com.google.firebase:firebase-auth:23.2.0] AndroidManifest.xml:39:27-75
137
138                <data
138-->src\main\AndroidManifest.xml:47:13-51
139                    android:host="firebase.auth"
140                    android:path="/"
141                    android:scheme="recaptcha" />
142            </intent-filter>
143        </activity>
144        <activity
144-->[:url_launcher_android] AndroidManifest.xml:8:9-11:74
145            android:name="io.flutter.plugins.urllauncher.WebViewActivity"
145-->[:url_launcher_android] AndroidManifest.xml:9:13-74
146            android:exported="false"
146-->[:url_launcher_android] AndroidManifest.xml:10:13-37
147            android:theme="@android:style/Theme.NoTitleBar.Fullscreen" />
147-->[:url_launcher_android] AndroidManifest.xml:11:13-71
148
149        <uses-library
149-->[androidx.window:window:1.2.0] AndroidManifest.xml:23:9-25:40
150            android:name="androidx.window.extensions"
150-->[androidx.window:window:1.2.0] AndroidManifest.xml:24:13-54
151            android:required="false" />
151-->[androidx.window:window:1.2.0] AndroidManifest.xml:25:13-37
152        <uses-library
152-->[androidx.window:window:1.2.0] AndroidManifest.xml:26:9-28:40
153            android:name="androidx.window.sidecar"
153-->[androidx.window:window:1.2.0] AndroidManifest.xml:27:13-51
154            android:required="false" />
154-->[androidx.window:window:1.2.0] AndroidManifest.xml:28:13-37
155
156        <service
156-->[androidx.credentials:credentials-play-services-auth:1.2.0-rc01] AndroidManifest.xml:24:9-32:19
157            android:name="androidx.credentials.playservices.CredentialProviderMetadataHolder"
157-->[androidx.credentials:credentials-play-services-auth:1.2.0-rc01] AndroidManifest.xml:25:13-94
158            android:enabled="true"
158-->[androidx.credentials:credentials-play-services-auth:1.2.0-rc01] AndroidManifest.xml:26:13-35
159            android:exported="false" >
159-->[androidx.credentials:credentials-play-services-auth:1.2.0-rc01] AndroidManifest.xml:27:13-37
160            <meta-data
160-->[androidx.credentials:credentials-play-services-auth:1.2.0-rc01] AndroidManifest.xml:29:13-31:104
161                android:name="androidx.credentials.CREDENTIAL_PROVIDER_KEY"
161-->[androidx.credentials:credentials-play-services-auth:1.2.0-rc01] AndroidManifest.xml:30:17-76
162                android:value="androidx.credentials.playservices.CredentialProviderPlayServicesImpl" />
162-->[androidx.credentials:credentials-play-services-auth:1.2.0-rc01] AndroidManifest.xml:31:17-101
163        </service>
164
165        <activity
165-->[androidx.credentials:credentials-play-services-auth:1.2.0-rc01] AndroidManifest.xml:34:9-41:20
166            android:name="androidx.credentials.playservices.HiddenActivity"
166-->[androidx.credentials:credentials-play-services-auth:1.2.0-rc01] AndroidManifest.xml:35:13-76
167            android:configChanges="orientation|screenSize|screenLayout|keyboardHidden"
167-->[androidx.credentials:credentials-play-services-auth:1.2.0-rc01] AndroidManifest.xml:36:13-87
168            android:enabled="true"
168-->[androidx.credentials:credentials-play-services-auth:1.2.0-rc01] AndroidManifest.xml:37:13-35
169            android:exported="false"
169-->[androidx.credentials:credentials-play-services-auth:1.2.0-rc01] AndroidManifest.xml:38:13-37
170            android:fitsSystemWindows="true"
170-->[androidx.credentials:credentials-play-services-auth:1.2.0-rc01] AndroidManifest.xml:39:13-45
171            android:theme="@style/Theme.Hidden" >
171-->[androidx.credentials:credentials-play-services-auth:1.2.0-rc01] AndroidManifest.xml:40:13-48
172        </activity>
173        <activity
173-->[com.google.android.gms:play-services-auth:21.0.0] AndroidManifest.xml:23:9-27:75
174            android:name="com.google.android.gms.auth.api.signin.internal.SignInHubActivity"
174-->[com.google.android.gms:play-services-auth:21.0.0] AndroidManifest.xml:24:13-93
175            android:excludeFromRecents="true"
175-->[com.google.android.gms:play-services-auth:21.0.0] AndroidManifest.xml:25:13-46
176            android:exported="false"
176-->[com.google.android.gms:play-services-auth:21.0.0] AndroidManifest.xml:26:13-37
177            android:theme="@android:style/Theme.Translucent.NoTitleBar" />
177-->[com.google.android.gms:play-services-auth:21.0.0] AndroidManifest.xml:27:13-72
178        <!--
179            Service handling Google Sign-In user revocation. For apps that do not integrate with
180            Google Sign-In, this service will never be started.
181        -->
182        <service
182-->[com.google.android.gms:play-services-auth:21.0.0] AndroidManifest.xml:33:9-37:51
183            android:name="com.google.android.gms.auth.api.signin.RevocationBoundService"
183-->[com.google.android.gms:play-services-auth:21.0.0] AndroidManifest.xml:34:13-89
184            android:exported="true"
184-->[com.google.android.gms:play-services-auth:21.0.0] AndroidManifest.xml:35:13-36
185            android:permission="com.google.android.gms.auth.api.signin.permission.REVOCATION_NOTIFICATION"
185-->[com.google.android.gms:play-services-auth:21.0.0] AndroidManifest.xml:36:13-107
186            android:visibleToInstantApps="true" />
186-->[com.google.android.gms:play-services-auth:21.0.0] AndroidManifest.xml:37:13-48
187
188        <provider
188-->[com.google.firebase:firebase-common:21.0.0] AndroidManifest.xml:23:9-28:39
189            android:name="com.google.firebase.provider.FirebaseInitProvider"
189-->[com.google.firebase:firebase-common:21.0.0] AndroidManifest.xml:24:13-77
190            android:authorities="com.example.ret.firebaseinitprovider"
190-->[com.google.firebase:firebase-common:21.0.0] AndroidManifest.xml:25:13-72
191            android:directBootAware="true"
191-->[com.google.firebase:firebase-common:21.0.0] AndroidManifest.xml:26:13-43
192            android:exported="false"
192-->[com.google.firebase:firebase-common:21.0.0] AndroidManifest.xml:27:13-37
193            android:initOrder="100" />
193-->[com.google.firebase:firebase-common:21.0.0] AndroidManifest.xml:28:13-36
194
195        <activity
195-->[com.google.android.gms:play-services-base:18.1.0] AndroidManifest.xml:20:9-22:45
196            android:name="com.google.android.gms.common.api.GoogleApiActivity"
196-->[com.google.android.gms:play-services-base:18.1.0] AndroidManifest.xml:20:19-85
197            android:exported="false"
197-->[com.google.android.gms:play-services-base:18.1.0] AndroidManifest.xml:22:19-43
198            android:theme="@android:style/Theme.Translucent.NoTitleBar" />
198-->[com.google.android.gms:play-services-base:18.1.0] AndroidManifest.xml:21:19-78
199
200        <provider
200-->[androidx.lifecycle:lifecycle-process:2.7.0] AndroidManifest.xml:24:9-32:20
201            android:name="androidx.startup.InitializationProvider"
201-->[androidx.lifecycle:lifecycle-process:2.7.0] AndroidManifest.xml:25:13-67
202            android:authorities="com.example.ret.androidx-startup"
202-->[androidx.lifecycle:lifecycle-process:2.7.0] AndroidManifest.xml:26:13-68
203            android:exported="false" >
203-->[androidx.lifecycle:lifecycle-process:2.7.0] AndroidManifest.xml:27:13-37
204            <meta-data
204-->[androidx.lifecycle:lifecycle-process:2.7.0] AndroidManifest.xml:29:13-31:52
205                android:name="androidx.lifecycle.ProcessLifecycleInitializer"
205-->[androidx.lifecycle:lifecycle-process:2.7.0] AndroidManifest.xml:30:17-78
206                android:value="androidx.startup" />
206-->[androidx.lifecycle:lifecycle-process:2.7.0] AndroidManifest.xml:31:17-49
207            <meta-data
207-->[androidx.profileinstaller:profileinstaller:1.3.1] AndroidManifest.xml:29:13-31:52
208                android:name="androidx.profileinstaller.ProfileInstallerInitializer"
208-->[androidx.profileinstaller:profileinstaller:1.3.1] AndroidManifest.xml:30:17-85
209                android:value="androidx.startup" />
209-->[androidx.profileinstaller:profileinstaller:1.3.1] AndroidManifest.xml:31:17-49
210        </provider>
211
212        <meta-data
212-->[com.google.android.gms:play-services-basement:18.4.0] AndroidManifest.xml:6:9-122
213            android:name="com.google.android.gms.version"
213-->[com.google.android.gms:play-services-basement:18.4.0] AndroidManifest.xml:6:20-65
214            android:value="@integer/google_play_services_version" />
214-->[com.google.android.gms:play-services-basement:18.4.0] AndroidManifest.xml:6:66-119
215
216        <receiver
216-->[androidx.profileinstaller:profileinstaller:1.3.1] AndroidManifest.xml:34:9-52:20
217            android:name="androidx.profileinstaller.ProfileInstallReceiver"
217-->[androidx.profileinstaller:profileinstaller:1.3.1] AndroidManifest.xml:35:13-76
218            android:directBootAware="false"
218-->[androidx.profileinstaller:profileinstaller:1.3.1] AndroidManifest.xml:36:13-44
219            android:enabled="true"
219-->[androidx.profileinstaller:profileinstaller:1.3.1] AndroidManifest.xml:37:13-35
220            android:exported="true"
220-->[androidx.profileinstaller:profileinstaller:1.3.1] AndroidManifest.xml:38:13-36
221            android:permission="android.permission.DUMP" >
221-->[androidx.profileinstaller:profileinstaller:1.3.1] AndroidManifest.xml:39:13-57
222            <intent-filter>
222-->[androidx.profileinstaller:profileinstaller:1.3.1] AndroidManifest.xml:40:13-42:29
223                <action android:name="androidx.profileinstaller.action.INSTALL_PROFILE" />
223-->[androidx.profileinstaller:profileinstaller:1.3.1] AndroidManifest.xml:41:17-91
223-->[androidx.profileinstaller:profileinstaller:1.3.1] AndroidManifest.xml:41:25-88
224            </intent-filter>
225            <intent-filter>
225-->[androidx.profileinstaller:profileinstaller:1.3.1] AndroidManifest.xml:43:13-45:29
226                <action android:name="androidx.profileinstaller.action.SKIP_FILE" />
226-->[androidx.profileinstaller:profileinstaller:1.3.1] AndroidManifest.xml:44:17-85
226-->[androidx.profileinstaller:profileinstaller:1.3.1] AndroidManifest.xml:44:25-82
227            </intent-filter>
228            <intent-filter>
228-->[androidx.profileinstaller:profileinstaller:1.3.1] AndroidManifest.xml:46:13-48:29
229                <action android:name="androidx.profileinstaller.action.SAVE_PROFILE" />
229-->[androidx.profileinstaller:profileinstaller:1.3.1] AndroidManifest.xml:47:17-88
229-->[androidx.profileinstaller:profileinstaller:1.3.1] AndroidManifest.xml:47:25-85
230            </intent-filter>
231            <intent-filter>
231-->[androidx.profileinstaller:profileinstaller:1.3.1] AndroidManifest.xml:49:13-51:29
232                <action android:name="androidx.profileinstaller.action.BENCHMARK_OPERATION" />
232-->[androidx.profileinstaller:profileinstaller:1.3.1] AndroidManifest.xml:50:17-95
232-->[androidx.profileinstaller:profileinstaller:1.3.1] AndroidManifest.xml:50:25-92
233            </intent-filter>
234        </receiver> <!-- The activities will be merged into the manifest of the hosting app. -->
235        <activity
235-->[com.google.android.play:core-common:2.0.3] AndroidManifest.xml:14:9-18:65
236            android:name="com.google.android.play.core.common.PlayCoreDialogWrapperActivity"
236-->[com.google.android.play:core-common:2.0.3] AndroidManifest.xml:15:13-93
237            android:exported="false"
237-->[com.google.android.play:core-common:2.0.3] AndroidManifest.xml:16:13-37
238            android:stateNotNeeded="true"
238-->[com.google.android.play:core-common:2.0.3] AndroidManifest.xml:17:13-42
239            android:theme="@style/Theme.PlayCore.Transparent" />
239-->[com.google.android.play:core-common:2.0.3] AndroidManifest.xml:18:13-62
240    </application>
241
242</manifest>